<?xml version="1.0" encoding="UTF-8"?>
<!-- Generated by org.testng.reporters.JUnitReportReporter -->
<testsuite hostname="DESKTOP-CP83R2E" failures="0" tests="1" name="scripts.baiduyixia.Baidu_search" time="0.013" errors="0" timestamp="10 7æœˆ 2019 04:16:43 GMT" skipped="0">
  <testcase classname="scripts.baiduyixia.Baidu_search" name="f" time="0.013"/>
</testsuite> <!-- scripts.baiduyixia.Baidu_search -->
